..\bin\FromTheCave.ilk
..\bin\FromTheCave.pdb
D:\DOKUMENTUMOK\PROGRAMOZáS\DEVBASE\BIN\DEVBASE.EXE
D:\DOKUMENTUMOK\PROGRAMOZáS\DEVBASE\BIN\DEVBASE.ILK
D:\DOKUMENTUMOK\PROGRAMOZÁS\DEVBASE\BIN\DEVBASE.PDB
D:\DOKUMENTUMOK\PROGRAMOZáS\DEVBASE\SRC\DEBUG\AABB.OBJ
D:\DOKUMENTUMOK\PROGRAMOZáS\DEVBASE\SRC\DEBUG\APPLICATION.OBJ
D:\DOKUMENTUMOK\PROGRAMOZáS\DEVBASE\SRC\DEBUG\DEVBASE.EXE.EMBED.MANIFEST
D:\DOKUMENTUMOK\PROGRAMOZáS\DEVBASE\SRC\DEBUG\DEVBASE.EXE.EMBED.MANIFEST.RES
D:\DOKUMENTUMOK\PROGRAMOZáS\DEVBASE\SRC\DEBUG\DEVBASE.EXE.INTERMEDIATE.MANIFEST
D:\DOKUMENTUMOK\PROGRAMOZáS\DEVBASE\SRC\DEBUG\FONT.OBJ
D:\DOKUMENTUMOK\PROGRAMOZáS\DEVBASE\SRC\DEBUG\FRUSTUM.OBJ
D:\DOKUMENTUMOK\PROGRAMOZáS\DEVBASE\SRC\DEBUG\GAMELOCAL.OBJ
D:\DOKUMENTUMOK\PROGRAMOZáS\DEVBASE\SRC\DEBUG\GLEXP.OBJ
D:\DOKUMENTUMOK\PROGRAMOZáS\DEVBASE\SRC\DEBUG\MAIN.OBJ
D:\DOKUMENTUMOK\PROGRAMOZáS\DEVBASE\SRC\DEBUG\MATH.OBJ
D:\DOKUMENTUMOK\PROGRAMOZáS\DEVBASE\SRC\DEBUG\MATRIX.OBJ
D:\DOKUMENTUMOK\PROGRAMOZáS\DEVBASE\SRC\DEBUG\MENU.OBJ
D:\DOKUMENTUMOK\PROGRAMOZáS\DEVBASE\SRC\DEBUG\PLANE.OBJ
D:\DOKUMENTUMOK\PROGRAMOZáS\DEVBASE\SRC\DEBUG\PLAYER.OBJ
D:\DOKUMENTUMOK\PROGRAMOZáS\DEVBASE\SRC\DEBUG\QUATERNION.OBJ
D:\DOKUMENTUMOK\PROGRAMOZáS\DEVBASE\SRC\DEBUG\RENDERING.OBJ
D:\DOKUMENTUMOK\PROGRAMOZáS\DEVBASE\SRC\DEBUG\SHADER.OBJ
D:\DOKUMENTUMOK\PROGRAMOZáS\DEVBASE\SRC\DEBUG\TEXTURE.OBJ
D:\DOKUMENTUMOK\PROGRAMOZÁS\DEVBASE\SRC\DEBUG\VC100.PDB
D:\DOKUMENTUMOK\PROGRAMOZáS\FROMTHECAVE\BIN\FROMTHECAVE.EXE
D:\DOKUMENTUMOK\PROGRAMOZáS\FROMTHECAVE\BIN\FROMTHECAVE.ILK
D:\DOKUMENTUMOK\PROGRAMOZÁS\FROMTHECAVE\BIN\FROMTHECAVE.PDB
D:\Dokumentumok\Programozás\FromTheCave\src\..\bin\FromTheCave.exe
D:\DOKUMENTUMOK\PROGRAMOZáS\FROMTHECAVE\SRC\DEBUG\AABB.OBJ
D:\DOKUMENTUMOK\PROGRAMOZáS\FROMTHECAVE\SRC\DEBUG\APPLICATION.OBJ
D:\Dokumentumok\Programozás\FromTheCave\src\Debug\cl.command.1.tlog
D:\Dokumentumok\Programozás\FromTheCave\src\Debug\CL.read.1.tlog
D:\Dokumentumok\Programozás\FromTheCave\src\Debug\CL.write.1.tlog
D:\Dokumentumok\Programozás\FromTheCave\src\Debug\devBase.exe.embed.manifest
D:\Dokumentumok\Programozás\FromTheCave\src\Debug\devBase.exe.embed.manifest.res
D:\Dokumentumok\Programozás\FromTheCave\src\Debug\devBase.exe.intermediate.manifest
D:\Dokumentumok\Programozás\FromTheCave\src\Debug\devBase_manifest.rc
D:\DOKUMENTUMOK\PROGRAMOZáS\FROMTHECAVE\SRC\DEBUG\FONT.OBJ
D:\DOKUMENTUMOK\PROGRAMOZáS\FROMTHECAVE\SRC\DEBUG\FROMTHECAVE.EXE.EMBED.MANIFEST
D:\DOKUMENTUMOK\PROGRAMOZáS\FROMTHECAVE\SRC\DEBUG\FROMTHECAVE.EXE.EMBED.MANIFEST.RES
D:\DOKUMENTUMOK\PROGRAMOZáS\FROMTHECAVE\SRC\DEBUG\FROMTHECAVE.EXE.INTERMEDIATE.MANIFEST
D:\Dokumentumok\Programozás\FromTheCave\src\Debug\FromTheCave_manifest.rc
D:\DOKUMENTUMOK\PROGRAMOZáS\FROMTHECAVE\SRC\DEBUG\FRUSTUM.OBJ
D:\DOKUMENTUMOK\PROGRAMOZáS\FROMTHECAVE\SRC\DEBUG\GAMELOCAL.OBJ
D:\DOKUMENTUMOK\PROGRAMOZáS\FROMTHECAVE\SRC\DEBUG\GLEXP.OBJ
D:\Dokumentumok\Programozás\FromTheCave\src\Debug\link.1088.read.1.tlog
D:\Dokumentumok\Programozás\FromTheCave\src\Debug\link.1088.write.1.tlog
D:\Dokumentumok\Programozás\FromTheCave\src\Debug\link.1088-cvtres.read.1.tlog
D:\Dokumentumok\Programozás\FromTheCave\src\Debug\link.1088-cvtres.write.1.tlog
D:\Dokumentumok\Programozás\FromTheCave\src\Debug\link.1156.read.1.tlog
D:\Dokumentumok\Programozás\FromTheCave\src\Debug\link.1156.write.1.tlog
D:\Dokumentumok\Programozás\FromTheCave\src\Debug\link.1156-cvtres.read.1.tlog
D:\Dokumentumok\Programozás\FromTheCave\src\Debug\link.1156-cvtres.write.1.tlog
D:\Dokumentumok\Programozás\FromTheCave\src\Debug\link.1192.read.1.tlog
D:\Dokumentumok\Programozás\FromTheCave\src\Debug\link.1192.write.1.tlog
D:\Dokumentumok\Programozás\FromTheCave\src\Debug\link.1192-cvtres.read.1.tlog
D:\Dokumentumok\Programozás\FromTheCave\src\Debug\link.1192-cvtres.write.1.tlog
D:\Dokumentumok\Programozás\FromTheCave\src\Debug\link.2092.read.1.tlog
D:\Dokumentumok\Programozás\FromTheCave\src\Debug\link.2092.write.1.tlog
D:\Dokumentumok\Programozás\FromTheCave\src\Debug\link.2092-cvtres.read.1.tlog
D:\Dokumentumok\Programozás\FromTheCave\src\Debug\link.2092-cvtres.write.1.tlog
D:\Dokumentumok\Programozás\FromTheCave\src\Debug\link.2484.read.1.tlog
D:\Dokumentumok\Programozás\FromTheCave\src\Debug\link.2484.write.1.tlog
D:\Dokumentumok\Programozás\FromTheCave\src\Debug\link.2484-cvtres.read.1.tlog
D:\Dokumentumok\Programozás\FromTheCave\src\Debug\link.2484-cvtres.write.1.tlog
D:\Dokumentumok\Programozás\FromTheCave\src\Debug\link.2992.read.1.tlog
D:\Dokumentumok\Programozás\FromTheCave\src\Debug\link.2992.write.1.tlog
D:\Dokumentumok\Programozás\FromTheCave\src\Debug\link.2992-cvtres.read.1.tlog
D:\Dokumentumok\Programozás\FromTheCave\src\Debug\link.2992-cvtres.write.1.tlog
D:\Dokumentumok\Programozás\FromTheCave\src\Debug\link.320.read.1.tlog
D:\Dokumentumok\Programozás\FromTheCave\src\Debug\link.320.write.1.tlog
D:\Dokumentumok\Programozás\FromTheCave\src\Debug\link.320-cvtres.read.1.tlog
D:\Dokumentumok\Programozás\FromTheCave\src\Debug\link.320-cvtres.write.1.tlog
D:\Dokumentumok\Programozás\FromTheCave\src\Debug\link.3312.read.1.tlog
D:\Dokumentumok\Programozás\FromTheCave\src\Debug\link.3312.write.1.tlog
D:\Dokumentumok\Programozás\FromTheCave\src\Debug\link.3312-cvtres.read.1.tlog
D:\Dokumentumok\Programozás\FromTheCave\src\Debug\link.3312-cvtres.write.1.tlog
D:\Dokumentumok\Programozás\FromTheCave\src\Debug\link.3820.read.1.tlog
D:\Dokumentumok\Programozás\FromTheCave\src\Debug\link.3820.write.1.tlog
D:\Dokumentumok\Programozás\FromTheCave\src\Debug\link.3820-cvtres.read.1.tlog
D:\Dokumentumok\Programozás\FromTheCave\src\Debug\link.3820-cvtres.write.1.tlog
D:\Dokumentumok\Programozás\FromTheCave\src\Debug\link.3868.read.1.tlog
D:\Dokumentumok\Programozás\FromTheCave\src\Debug\link.3868.write.1.tlog
D:\Dokumentumok\Programozás\FromTheCave\src\Debug\link.3868-cvtres.read.1.tlog
D:\Dokumentumok\Programozás\FromTheCave\src\Debug\link.3868-cvtres.write.1.tlog
D:\Dokumentumok\Programozás\FromTheCave\src\Debug\link.3956.read.1.tlog
D:\Dokumentumok\Programozás\FromTheCave\src\Debug\link.3956.write.1.tlog
D:\Dokumentumok\Programozás\FromTheCave\src\Debug\link.3956-cvtres.read.1.tlog
D:\Dokumentumok\Programozás\FromTheCave\src\Debug\link.3956-cvtres.write.1.tlog
D:\Dokumentumok\Programozás\FromTheCave\src\Debug\link.4108.read.1.tlog
D:\Dokumentumok\Programozás\FromTheCave\src\Debug\link.4108.write.1.tlog
D:\Dokumentumok\Programozás\FromTheCave\src\Debug\link.4108-cvtres.read.1.tlog
D:\Dokumentumok\Programozás\FromTheCave\src\Debug\link.4108-cvtres.write.1.tlog
D:\Dokumentumok\Programozás\FromTheCave\src\Debug\link.4208.read.1.tlog
D:\Dokumentumok\Programozás\FromTheCave\src\Debug\link.4208.write.1.tlog
D:\Dokumentumok\Programozás\FromTheCave\src\Debug\link.4208-cvtres.read.1.tlog
D:\Dokumentumok\Programozás\FromTheCave\src\Debug\link.4208-cvtres.write.1.tlog
D:\Dokumentumok\Programozás\FromTheCave\src\Debug\link.4640.read.1.tlog
D:\Dokumentumok\Programozás\FromTheCave\src\Debug\link.4640.write.1.tlog
D:\Dokumentumok\Programozás\FromTheCave\src\Debug\link.4640-cvtres.read.1.tlog
D:\Dokumentumok\Programozás\FromTheCave\src\Debug\link.4640-cvtres.write.1.tlog
D:\Dokumentumok\Programozás\FromTheCave\src\Debug\link.4712.read.1.tlog
D:\Dokumentumok\Programozás\FromTheCave\src\Debug\link.4712.write.1.tlog
D:\Dokumentumok\Programozás\FromTheCave\src\Debug\link.4712-cvtres.read.1.tlog
D:\Dokumentumok\Programozás\FromTheCave\src\Debug\link.4712-cvtres.write.1.tlog
D:\Dokumentumok\Programozás\FromTheCave\src\Debug\link.540.read.1.tlog
D:\Dokumentumok\Programozás\FromTheCave\src\Debug\link.540.write.1.tlog
D:\Dokumentumok\Programozás\FromTheCave\src\Debug\link.540-cvtres.read.1.tlog
D:\Dokumentumok\Programozás\FromTheCave\src\Debug\link.540-cvtres.write.1.tlog
D:\Dokumentumok\Programozás\FromTheCave\src\Debug\link.5552.read.1.tlog
D:\Dokumentumok\Programozás\FromTheCave\src\Debug\link.5552.write.1.tlog
D:\Dokumentumok\Programozás\FromTheCave\src\Debug\link.5552-cvtres.read.1.tlog
D:\Dokumentumok\Programozás\FromTheCave\src\Debug\link.5552-cvtres.write.1.tlog
D:\Dokumentumok\Programozás\FromTheCave\src\Debug\link.command.1.tlog
D:\Dokumentumok\Programozás\FromTheCave\src\Debug\link.read.1.tlog
D:\Dokumentumok\Programozás\FromTheCave\src\Debug\link.write.1.tlog
D:\Dokumentumok\Programozás\FromTheCave\src\Debug\link-cvtres.read.1.tlog
D:\Dokumentumok\Programozás\FromTheCave\src\Debug\link-cvtres.write.1.tlog
D:\DOKUMENTUMOK\PROGRAMOZáS\FROMTHECAVE\SRC\DEBUG\MAIN.OBJ
D:\DOKUMENTUMOK\PROGRAMOZáS\FROMTHECAVE\SRC\DEBUG\MATH.OBJ
D:\DOKUMENTUMOK\PROGRAMOZáS\FROMTHECAVE\SRC\DEBUG\MATRIX.OBJ
D:\DOKUMENTUMOK\PROGRAMOZáS\FROMTHECAVE\SRC\DEBUG\MENU.OBJ
D:\Dokumentumok\Programozás\FromTheCave\src\Debug\mt.command.1.tlog
D:\Dokumentumok\Programozás\FromTheCave\src\Debug\mt.read.1.tlog
D:\Dokumentumok\Programozás\FromTheCave\src\Debug\mt.write.1.tlog
D:\DOKUMENTUMOK\PROGRAMOZáS\FROMTHECAVE\SRC\DEBUG\PLANE.OBJ
D:\DOKUMENTUMOK\PROGRAMOZáS\FROMTHECAVE\SRC\DEBUG\PLAYER.OBJ
D:\DOKUMENTUMOK\PROGRAMOZáS\FROMTHECAVE\SRC\DEBUG\QUATERNION.OBJ
D:\Dokumentumok\Programozás\FromTheCave\src\Debug\rc.command.1.tlog
D:\Dokumentumok\Programozás\FromTheCave\src\Debug\rc.read.1.tlog
D:\Dokumentumok\Programozás\FromTheCave\src\Debug\rc.write.1.tlog
D:\DOKUMENTUMOK\PROGRAMOZáS\FROMTHECAVE\SRC\DEBUG\RENDERING.OBJ
D:\DOKUMENTUMOK\PROGRAMOZáS\FROMTHECAVE\SRC\DEBUG\SHADER.OBJ
D:\DOKUMENTUMOK\PROGRAMOZáS\FROMTHECAVE\SRC\DEBUG\TEXTURE.OBJ
D:\Dokumentumok\Programozás\FromTheCave\src\Debug\vc100.idb
D:\DOKUMENTUMOK\PROGRAMOZÁS\FROMTHECAVE\SRC\DEBUG\VC100.PDB
D:\DOKUMENTUMOK\PROGRAMOZáS\FROMTHECAVE\SRC\DEBUG\WATER.OBJ
