..\bin\devBase.pdb
D:\DOKUMENTUMOK\PROGRAMOZáS\DEVBASE\BIN\DEVBASE.EXE
D:\DOKUMENTUMOK\PROGRAMOZÁS\DEVBASE\BIN\DEVBASE.PDB
D:\Dokumentumok\Programozás\devBase\src\..\bin\devBase.exe
D:\DOKUMENTUMOK\PROGRAMOZáS\DEVBASE\SRC\RELEASE\AABB.OBJ
D:\DOKUMENTUMOK\PROGRAMOZáS\DEVBASE\SRC\RELEASE\APPLICATION.OBJ
D:\Dokumentumok\Programozás\devBase\src\Release\cl.command.1.tlog
D:\Dokumentumok\Programozás\devBase\src\Release\CL.read.1.tlog
D:\Dokumentumok\Programozás\devBase\src\Release\CL.write.1.tlog
D:\DOKUMENTUMOK\PROGRAMOZáS\DEVBASE\SRC\RELEASE\DEVBASE.EXE.INTERMEDIATE.MANIFEST
D:\DOKUMENTUMOK\PROGRAMOZáS\DEVBASE\SRC\RELEASE\FRUSTUM.OBJ
D:\DOKUMENTUMOK\PROGRAMOZáS\DEVBASE\SRC\RELEASE\GAMELOCAL.OBJ
D:\DOKUMENTUMOK\PROGRAMOZÁS\DEVBASE\SRC\RELEASE\GLEXP.OBJ
D:\Dokumentumok\Programozás\devBase\src\Release\link.command.1.tlog
D:\Dokumentumok\Programozás\devBase\src\Release\link.read.1.tlog
D:\Dokumentumok\Programozás\devBase\src\Release\link.write.1.tlog
D:\DOKUMENTUMOK\PROGRAMOZáS\DEVBASE\SRC\RELEASE\MAIN.OBJ
D:\DOKUMENTUMOK\PROGRAMOZÁS\DEVBASE\SRC\RELEASE\MATH.OBJ
D:\DOKUMENTUMOK\PROGRAMOZÁS\DEVBASE\SRC\RELEASE\MATRIX.OBJ
D:\DOKUMENTUMOK\PROGRAMOZáS\DEVBASE\SRC\RELEASE\MENU.OBJ
D:\Dokumentumok\Programozás\devBase\src\Release\mt.command.1.tlog
D:\Dokumentumok\Programozás\devBase\src\Release\mt.read.1.tlog
D:\Dokumentumok\Programozás\devBase\src\Release\mt.write.1.tlog
D:\DOKUMENTUMOK\PROGRAMOZÁS\DEVBASE\SRC\RELEASE\PLANE.OBJ
D:\DOKUMENTUMOK\PROGRAMOZáS\DEVBASE\SRC\RELEASE\PLAYER.OBJ
D:\DOKUMENTUMOK\PROGRAMOZÁS\DEVBASE\SRC\RELEASE\QUATERNION.OBJ
D:\DOKUMENTUMOK\PROGRAMOZáS\DEVBASE\SRC\RELEASE\TEXTURE.OBJ
D:\DOKUMENTUMOK\PROGRAMOZÁS\DEVBASE\SRC\RELEASE\VC100.PDB
