Build started 2011.10.22. 22:38:11.
     1>Project "D:\Dokumentumok\Programozás\devBase\src\devBase.vcxproj" on node 2 (build target(s)).
     1>C:\Program Files (x86)\MSBuild\Microsoft.Cpp\v4.0\Microsoft.CppBuild.targets(299,5): warning MSB8004: Output Directory does not end with a trailing slash.  This build instance will add the slash as it is required to allow proper evaluation of the Output Directory.
     1>InitializeBuildStatus:
         Creating "Release\devBase.unsuccessfulbuild" because "AlwaysCreate" was specified.
       ClCompile:
         D:\Program Files (x86)\Microsoft Visual Studio 10.0\VC\bin\CL.exe /c /Zi /nologo /W3 /WX- /O2 /Oi /Oy- /GL /D WIN32 /D NDEBUG /D _WINDOWS /D _MBCS /Gm- /EHsc /MD /GS /Gy /fp:precise /Zc:wchar_t /Zc:forScope /Fo"Release\\" /Fd"Release\vc100.pdb" /Gd /TP /analyze- /errorReport:prompt game\Player.cpp
         Player.cpp
       Link:
         D:\Program Files (x86)\Microsoft Visual Studio 10.0\VC\bin\link.exe /ERRORREPORT:PROMPT /OUT:"..\bin\devBase.exe" /INCREMENTAL:NO /NOLOGO kernel32.lib user32.lib gdi32.lib winspool.lib comdlg32.lib advapi32.lib shell32.lib ole32.lib oleaut32.lib uuid.lib odbc32.lib odbccp32.lib /MANIFEST /ManifestFile:"Release\devBase.exe.intermediate.manifest" /MANIFESTUAC:"level='asInvoker' uiAccess='false'" /DEBUG /PDB:"D:\Dokumentumok\Programozás\devBase\bin\devBase.pdb" /SUBSYSTEM:WINDOWS /OPT:REF /OPT:ICF /LTCG /TLBID:1 /DYNAMICBASE /NXCOMPAT /IMPLIB:"..\bin\devBase.lib" /MACHINE:X86 Release\Application.obj
         Release\AABB.obj
         Release\Frustum.obj
         Release\GameLocal.obj
         Release\Menu.obj
         Release\Player.obj
         Release\Main.obj
         Release\Math.obj
         Release\Matrix.obj
         Release\Plane.obj
         Release\Quaternion.obj
         Release\GLexp.obj
         Release\Texture.obj
         Sound\fmodex_vc.lib
         Generating code
         Finished generating code
         devBase.vcxproj -> D:\Dokumentumok\Programozás\devBase\src\..\bin\devBase.exe
       Manifest:
         C:\Program Files (x86)\Microsoft SDKs\Windows\v7.0A\bin\mt.exe /nologo /verbose /outputresource:"..\bin\devBase.exe;#1" /manifest Release\devBase.exe.intermediate.manifest
       FinalizeBuildStatus:
         Deleting file "Release\devBase.unsuccessfulbuild".
         Touching "Release\devBase.lastbuildstate".
     1>Done Building Project "D:\Dokumentumok\Programozás\devBase\src\devBase.vcxproj" (build target(s)).

Build succeeded.

Time Elapsed 00:00:01.05
